<?xml version="1.0" encoding="utf-8"?><testsuites name="pytest tests"><testsuite name="pytest" errors="0" failures="0" skipped="0" tests="5" time="59.219" timestamp="2026-05-10T18:57:18.070859+00:00" hostname="agent-env-c43d5844-c1f0-4049-ba3b-91d30b36b472"><testcase classname="backend.tests.test_comparative.TestCompareJurisdictions" name="test_jurisdictions_returns_5" time="0.133" /><testcase classname="backend.tests.test_comparative.TestCompareJurisdictions" name="test_jurisdiction_keys" time="0.111" /><testcase classname="backend.tests.test_comparative.TestCompareAnalyze" name="test_analyze_privacy_india_us_uk" time="33.852" /><testcase classname="backend.tests.test_comparative.TestCompareAnalyze" name="test_analyze_empty_query_validation" time="0.124" /><testcase classname="backend.tests.test_comparative.TestCompareAnalyze" name="test_analyze_default_jurisdictions" time="24.928" /></testsuite></testsuites>