<?xml version="1.0" encoding="utf-8"?><testsuites name="pytest tests"><testsuite name="pytest" errors="0" failures="0" skipped="0" tests="13" time="52.485" timestamp="2026-05-10T19:49:03.765206+00:00" hostname="agent-env-c43d5844-c1f0-4049-ba3b-91d30b36b472"><testcase classname="backend.tests.test_comparative_heatmap" name="test_heat_map_field_present" time="52.196" /><testcase classname="backend.tests.test_comparative_heatmap" name="test_heat_map_has_dimensions" time="0.000" /><testcase classname="backend.tests.test_comparative_heatmap" name="test_heat_map_has_cells" time="0.000" /><testcase classname="backend.tests.test_comparative_heatmap" name="test_heat_map_has_summary_verdict" time="0.000" /><testcase classname="backend.tests.test_comparative_heatmap" name="test_heat_map_cell_values_valid" time="0.000" /><testcase classname="backend.tests.test_comparative_heatmap" name="test_heat_map_cells_cover_all_dimensions" time="0.000" /><testcase classname="backend.tests.test_comparative_heatmap" name="test_irac_blocks_present" time="0.000" /><testcase classname="backend.tests.test_comparative_heatmap" name="test_irac_key_authorities_populated" time="0.000" /><testcase classname="backend.tests.test_comparative_heatmap" name="test_irac_no_indeterminate_from_empty_passages" time="0.000" /><testcase classname="backend.tests.test_comparative_heatmap" name="test_irac_blocks_have_issue_rule_application" time="0.000" /><testcase classname="backend.tests.test_comparative_heatmap" name="test_synthesis_present" time="0.000" /><testcase classname="backend.tests.test_comparative_heatmap" name="test_synthesis_agreements_or_disagreements" time="0.000" /><testcase classname="backend.tests.test_comparative_heatmap" name="test_compare_jurisdictions_endpoint" time="0.173" /></testsuite></testsuites>