<?xml version="1.0" encoding="utf-8"?><testsuites name="pytest tests"><testsuite name="pytest" errors="0" failures="1" skipped="0" tests="5" time="66.553" timestamp="2026-05-08T18:19:18.953769+00:00" hostname="agent-env-b76f2c97-40e5-4b67-bcd2-eac077eac1a3"><testcase classname="backend.tests.test_omnilegal_v2" name="test_health_ok" time="0.206" /><testcase classname="backend.tests.test_omnilegal_v2" name="test_ingestion_status_corpus_size" time="0.088" /><testcase classname="backend.tests.test_omnilegal_v2" name="test_debug_retrieve_indian_statutes" time="0.245" /><testcase classname="backend.tests.test_omnilegal_v2" name="test_conflict_india_us_death_penalty" time="23.550"><failure message="AssertionError: assert ('anthropic/claude-sonnet-4-5' in '' or 'claude-sonnet-4-5' in '')">backend/tests/test_omnilegal_v2.py:85: in test_conflict_india_us_death_penalty
    assert "anthropic/claude-sonnet-4-5" in used_model or "claude-sonnet-4-5" in used_model
E   AssertionError: assert ('anthropic/claude-sonnet-4-5' in '' or 'claude-sonnet-4-5' in '')</failure></testcase><testcase classname="backend.tests.test_omnilegal_v2" name="test_irac_anticipatory_self_defense" time="42.418" /></testsuite></testsuites>