<?xml version="1.0" encoding="utf-8"?><testsuites name="pytest tests"><testsuite name="pytest" errors="0" failures="1" skipped="0" tests="10" time="25.692" timestamp="2026-05-08T19:54:21.479930+00:00" hostname="agent-env-7d2c6026-d826-4ad4-8b59-62c3c8fe8931"><testcase classname="backend.tests.test_omnilegal_v3" name="test_sidecar_health" time="14.862" /><testcase classname="backend.tests.test_omnilegal_v3" name="test_health" time="0.061" /><testcase classname="backend.tests.test_omnilegal_v3" name="test_overview" time="1.280" /><testcase classname="backend.tests.test_omnilegal_v3" name="test_cors_header" time="0.076" /><testcase classname="backend.tests.test_omnilegal_v3" name="test_forensics_verify" time="0.523" /><testcase classname="backend.tests.test_omnilegal_v3" name="test_atlas_analyze" time="3.259" /><testcase classname="backend.tests.test_omnilegal_v3" name="test_live_search" time="1.252" /><testcase classname="backend.tests.test_omnilegal_v3" name="test_council_debate" time="1.508" /><testcase classname="backend.tests.test_omnilegal_v3" name="test_research_ask" time="2.449" /><testcase classname="backend.tests.test_omnilegal_v3" name="test_advocacy_generate" time="0.366"><failure message="assert None&#10; +  where None = &lt;built-in method get of dict object at 0xfc9ecea17cc0&gt;('position_paper')&#10; +    where &lt;built-in method get of dict object at 0xfc9ecea17cc0&gt; = {'conflict_summary': None, 'country': 'India', 'country_key': 'india', 'domestic_sources': [{'content': 'gas works. It was held that the lessor and not the lessee had first possession of the boat. In Bridges v. Hawkesworth, a parcel of bank notes dropped by another person on the floor of the shop of the defendant was found by die plaintiff-customer. It was held that the plaintiff had a good title to it and not the defendant.9 In N. N. Muzumdar v. State, it was held that corpus without the ani\xad mus is ineffective.10 Relation of possessor to the thing possessed:—The second element in the corpus possessionis is the relation of the possessor to the thing pos\xad sessed. All that is necessary is that the possessor must have the physi\xad cal power of dealing with the thing exclusively as his own. Savigny writes: &quot;The physical power of dealing with the subject immediately “and of excluding any foreign agency ever it is the factum which must exist in every acquisition of possession. This minimum physical power is not necessary to continue the possession as was required to give rise to it and continuing possession depends rather on the constant pow\xad ers of reproducing the original ...nviction for offences.—(1) No person shall be convicted of any offence except for violation of a law in force at the time of the commission of the Act charged as an offence, nor be subjected to a penalty greater than that which might have been inflicted under the law in force at the time of the commission of the offence.(2) No person shall be prosecuted and punished for the same offence more than once.(3) No person accused of any offence shall be compelled to be a witness against himself.21. Protection of life and personal liberty.—No person shall be deprived of his life or personal liberty except according to procedure established by law.2[21A. Right to education.—The State shall provide free and compulsory education to all children of the age of six to fo', 'excerpt': 'or prevent the State from making any law relating to,—(i) the professional or technical qualifications necessary for practising any profession or carrying on any occupation, trade or business; or(ii) the carrying on by the State, or by a corporation owned or controlled by the State, of any trade, business, industry or service, whether to the exclusion, compl', 'jurisdiction': 'india', 'marker': '[C4]', ...}], ...}.get">backend/tests/test_omnilegal_v3.py:156: in test_advocacy_generate
    assert packet.get("position_paper")
E   assert None
E    +  where None = &lt;built-in method get of dict object at 0xfc9ecea17cc0&gt;('position_paper')
E    +    where &lt;built-in method get of dict object at 0xfc9ecea17cc0&gt; = {'conflict_summary': None, 'country': 'India', 'country_key': 'india', 'domestic_sources': [{'content': 'gas works. It was held that the lessor and not the lessee had first possession of the boat. In Bridges v. Hawkesworth, a parcel of bank notes dropped by another person on the floor of the shop of the defendant was found by die plaintiff-customer. It was held that the plaintiff had a good title to it and not the defendant.9 In N. N. Muzumdar v. State, it was held that corpus without the ani\xad mus is ineffective.10 Relation of possessor to the thing possessed:—The second element in the corpus possessionis is the relation of the possessor to the thing pos\xad sessed. All that is necessary is that the possessor must have the physi\xad cal power of dealing with the thing exclusively as his own. Savigny writes: "The physical power of dealing with the subject immediately “and of excluding any foreign agency ever it is the factum which must exist in every acquisition of possession. This minimum physical power is not necessary to continue the possession as was required to give rise to it and continuing possession depends rather on the constant pow\xad ers of reproducing the original ...nviction for offences.—(1) No person shall be convicted of any offence except for violation of a law in force at the time of the commission of the Act charged as an offence, nor be subjected to a penalty greater than that which might have been inflicted under the law in force at the time of the commission of the offence.(2) No person shall be prosecuted and punished for the same offence more than once.(3) No person accused of any offence shall be compelled to be a witness against himself.21. Protection of life and personal liberty.—No person shall be deprived of his life or personal liberty except according to procedure established by law.2[21A. Right to education.—The State shall provide free and compulsory education to all children of the age of six to fo', 'excerpt': 'or prevent the State from making any law relating to,—(i) the professional or technical qualifications necessary for practising any profession or carrying on any occupation, trade or business; or(ii) the carrying on by the State, or by a corporation owned or controlled by the State, of any trade, business, industry or service, whether to the exclusion, compl', 'jurisdiction': 'india', 'marker': '[C4]', ...}], ...}.get</failure></testcase></testsuite></testsuites>