<?xml version="1.0" encoding="utf-8"?><testsuites name="pytest tests"><testsuite name="pytest" errors="0" failures="3" skipped="0" tests="14" time="282.134" timestamp="2026-05-08T21:46:18.356462+00:00" hostname="agent-env-eb2e0fbf-f5d2-4aee-af37-92fa8ab416f6"><testcase classname="backend.tests.test_omnilegal_v4_sota" name="test_adversarial_find" time="42.864" /><testcase classname="backend.tests.test_omnilegal_v4_sota" name="test_arbitrage_scan" time="60.073"><failure message="AssertionError: The preview environment is not responding. It may be starting up.&#10;  &#10;assert 502 == 200&#10; +  where 502 = &lt;Response [502]&gt;.status_code">backend/tests/test_omnilegal_v4_sota.py:63: in test_arbitrage_scan
    assert r.status_code == 200, r.text
E   AssertionError: The preview environment is not responding. It may be starting up.
E     
E   assert 502 == 200
E    +  where 502 = &lt;Response [502]&gt;.status_code</failure></testcase><testcase classname="backend.tests.test_omnilegal_v4_sota" name="test_drift_analyze" time="12.155" /><testcase classname="backend.tests.test_omnilegal_v4_sota" name="test_sentinel_scan" time="33.841" /><testcase classname="backend.tests.test_omnilegal_v4_sota" name="test_sentinel_rules" time="0.078" /><testcase classname="backend.tests.test_omnilegal_v4_sota" name="test_stress_test" time="54.951" /><testcase classname="backend.tests.test_omnilegal_v4_sota" name="test_diff_compare" time="13.360"><failure message="assert None&#10; +  where None = &lt;built-in method get of dict object at 0xff81efa028c0&gt;('used_model')&#10; +    where &lt;built-in method get of dict object at 0xff81efa028c0&gt; = {'counts': {'added': 0, 'removed': 0, 'reworded': 1, 'unchanged': 0}, 'diff_chunks': [{'kind': 'reworded', 'left': 'Section 124A. Whoever brings the Government into hatred shall be punished.', 'right': 'Section 152. Whoever endangers sovereignty shall be punished.'}], 'impact': {'authority_changes': [{'note': &quot;The actus reus element shifts from a subjective emotional standard (causing 'hatred' toward government) to an objective harm standard (endangering the state's 'sovereignty'). This changes what prosecution must prove and narrows the range of speech/conduct caught.&quot;, 'quote_left': 'brings the Government into hatred', 'quote_right': 'endangers sovereignty'}, {'note': 'The provision is renumbered, indicating legislative reorganisation. This may affect cross-references in other statutes and procedural rules tied to the old section number.', 'quote_left': 'Section 124A', 'quote_right': 'Section 152'}, {'note': &quot;The protected legal interest changes from 'the Government' (the incumbent administration or state apparatus) to 'sovereignty' (the supreme authority and constitutional integrity of the state itself). This elevates the threshold and changes the nature of harm from political to constitutional.&quot;, 'quote_left': 'the Government', 'quote_right': 'sovereignty'}], 'defences_change': 'No defences are articulated in either LEFT or RIGHT text. No change can be identified.', 'obligation_change': &quot;The prohibited conduct changes fundamentally. LEFT obligated persons to refrain from acts causing 'hatred' toward 'the Government' (an emotional and political standard). RIGHT obligates persons to refrain from acts 'endanger[ing] sovereignty' (a constitutional and territorial standard). The RIGHT formulation is arguably narrower in application but potentially broader in who may be considered to endanger sovereignty beyond direct criticism.&quot;, 'penalty_change': &quot;Both LEFT and RIGHT state offenders 'shall be punished' but neither excerpt specifies the quantum or type of penalty. No penalty change can be determined from the provided text.&quot;, ...}, 'left_label': 'IPC 124A', ...}.get">backend/tests/test_omnilegal_v4_sota.py:190: in test_diff_compare
    assert j.get("used_model")
E   assert None
E    +  where None = &lt;built-in method get of dict object at 0xff81efa028c0&gt;('used_model')
E    +    where &lt;built-in method get of dict object at 0xff81efa028c0&gt; = {'counts': {'added': 0, 'removed': 0, 'reworded': 1, 'unchanged': 0}, 'diff_chunks': [{'kind': 'reworded', 'left': 'Section 124A. Whoever brings the Government into hatred shall be punished.', 'right': 'Section 152. Whoever endangers sovereignty shall be punished.'}], 'impact': {'authority_changes': [{'note': "The actus reus element shifts from a subjective emotional standard (causing 'hatred' toward government) to an objective harm standard (endangering the state's 'sovereignty'). This changes what prosecution must prove and narrows the range of speech/conduct caught.", 'quote_left': 'brings the Government into hatred', 'quote_right': 'endangers sovereignty'}, {'note': 'The provision is renumbered, indicating legislative reorganisation. This may affect cross-references in other statutes and procedural rules tied to the old section number.', 'quote_left': 'Section 124A', 'quote_right': 'Section 152'}, {'note': "The protected legal interest changes from 'the Government' (the incumbent administration or state apparatus) to 'sovereignty' (the supreme authority and constitutional integrity of the state itself). This elevates the threshold and changes the nature of harm from political to constitutional.", 'quote_left': 'the Government', 'quote_right': 'sovereignty'}], 'defences_change': 'No defences are articulated in either LEFT or RIGHT text. No change can be identified.', 'obligation_change': "The prohibited conduct changes fundamentally. LEFT obligated persons to refrain from acts causing 'hatred' toward 'the Government' (an emotional and political standard). RIGHT obligates persons to refrain from acts 'endanger[ing] sovereignty' (a constitutional and territorial standard). The RIGHT formulation is arguably narrower in application but potentially broader in who may be considered to endanger sovereignty beyond direct criticism.", 'penalty_change': "Both LEFT and RIGHT state offenders 'shall be punished' but neither excerpt specifies the quantum or type of penalty. No penalty change can be determined from the provided text.", ...}, 'left_label': 'IPC 124A', ...}.get</failure></testcase><testcase classname="backend.tests.test_omnilegal_v4_sota" name="test_redteam_analyze" time="38.112" /><testcase classname="backend.tests.test_omnilegal_v4_sota" name="test_doctrine_track" time="17.581" /><testcase classname="backend.tests.test_omnilegal_v4_sota" name="test_graph_build" time="4.395" /><testcase classname="backend.tests.test_omnilegal_v4_sota" name="test_live_search_four_sources" time="2.838" /><testcase classname="backend.tests.test_omnilegal_v4_sota" name="test_reading_annotate" time="1.555" /><testcase classname="backend.tests.test_omnilegal_v4_sota" name="test_reports_save_and_list" time="0.121" /><testcase classname="backend.tests.test_omnilegal_v4_sota" name="test_voice_verify_chunk" time="0.073"><failure message="AssertionError: claims len=0&#10;assert 0 &gt;= 1&#10; +  where 0 = len([])">backend/tests/test_omnilegal_v4_sota.py:300: in test_voice_verify_chunk
    assert len(claims) &gt;= 1, f"claims len={len(claims)}"
E   AssertionError: claims len=0
E   assert 0 &gt;= 1
E    +  where 0 = len([])</failure></testcase></testsuite></testsuites>