<?xml version="1.0" encoding="utf-8"?><testsuites name="pytest tests"><testsuite name="pytest" errors="0" failures="0" skipped="0" tests="10" time="183.941" timestamp="2026-05-08T21:59:59.516257+00:00" hostname="agent-env-eb2e0fbf-f5d2-4aee-af37-92fa8ab416f6"><testcase classname="backend.tests.test_omnilegal_v5_fixes" name="test_fix1_arbitrage_under_60s" time="28.686" /><testcase classname="backend.tests.test_omnilegal_v5_fixes" name="test_fix2_diff_used_model_top_level" time="11.407" /><testcase classname="backend.tests.test_omnilegal_v5_fixes" name="test_fix3_voice_extracts_legal_abbrev_claims" time="1.261" /><testcase classname="backend.tests.test_omnilegal_v5_fixes" name="test_fix4_eurlex_real_sparql" time="2.914" /><testcase classname="backend.tests.test_omnilegal_v5_fixes" name="test_fix5_live_search_four_sources" time="2.830" /><testcase classname="backend.tests.test_omnilegal_v5_fixes" name="test_regression_adversarial" time="30.526" /><testcase classname="backend.tests.test_omnilegal_v5_fixes" name="test_regression_drift" time="9.928" /><testcase classname="backend.tests.test_omnilegal_v5_fixes" name="test_regression_sentinel" time="25.424" /><testcase classname="backend.tests.test_omnilegal_v5_fixes" name="test_regression_stress" time="50.795" /><testcase classname="backend.tests.test_omnilegal_v5_fixes" name="test_regression_doctrine" time="20.075" /></testsuite></testsuites>